<?xml version="1.0" encoding="UTF-8"?>
<testsuite name="com.sudeepnm.redis.sortedsets.service.ControllerTest" tests="3" skipped="0" failures="0" errors="0" timestamp="2018-01-08T02:18:44" hostname="sudeep-Lenovo-ideapad" time="0.018">
  <properties/>
  <testcase name="testGetRate" classname="com.sudeepnm.redis.sortedsets.service.ControllerTest" time="0.007"/>
  <testcase name="testInsertDataUpdate" classname="com.sudeepnm.redis.sortedsets.service.ControllerTest" time="0.006"/>
  <testcase name="testInsertDataFailure" classname="com.sudeepnm.redis.sortedsets.service.ControllerTest" time="0.003"/>
  <system-out><![CDATA[21:18:44.722 [Test worker] INFO com.sudeepnm.redis.sortedsets.service.RedisTemplateSortedSetsController - Data Inserted/Updated Successfully for State: |MDEffecte Date: |20170101Rate: |3.00
21:18:44.724 [Test worker] INFO com.sudeepnm.redis.sortedsets.service.RedisTemplateSortedSetsController - Data Inserted/Updated Successfully for State: |MDEffecte Date: |20170401Rate: |3.25
21:18:44.724 [Test worker] INFO com.sudeepnm.redis.sortedsets.service.RedisTemplateSortedSetsController - Data Inserted/Updated Successfully for State: |MDEffecte Date: |20170701Rate: |3.50
21:18:44.725 [Test worker] INFO com.sudeepnm.redis.sortedsets.service.RedisTemplateSortedSetsController - Data Inserted/Updated Successfully for State: |DCEffecte Date: |20170101Rate: |2.75
21:18:44.725 [Test worker] INFO com.sudeepnm.redis.sortedsets.service.RedisTemplateSortedSetsController - Data Inserted/Updated Successfully for State: |DCEffecte Date: |20170401Rate: |3.00
21:18:44.725 [Test worker] INFO com.sudeepnm.redis.sortedsets.service.RedisTemplateSortedSetsController - Data Inserted/Updated Successfully for State: |DCEffecte Date: |20170701Rate: |3.25
21:18:44.726 [Test worker] INFO com.sudeepnm.redis.sortedsets.service.RedisTemplateSortedSetsController - Data Inserted/Updated Successfully for State: |VAEffecte Date: |20170101Rate: |3.00
21:18:44.726 [Test worker] INFO com.sudeepnm.redis.sortedsets.service.RedisTemplateSortedSetsController - Data Inserted/Updated Successfully for State: |VAEffecte Date: |20170401Rate: |3.25
21:18:44.726 [Test worker] INFO com.sudeepnm.redis.sortedsets.service.RedisTemplateSortedSetsController - Data Inserted/Updated Successfully for State: |VAEffecte Date: |20170701Rate: |3.50
21:18:44.726 [Test worker] INFO com.sudeepnm.redis.sortedsets.service.RedisTemplateSortedSetsController - Data Inserted/Updated Successfully for State: |PAEffecte Date: |20170101Rate: |3.25
21:18:44.726 [Test worker] INFO com.sudeepnm.redis.sortedsets.service.RedisTemplateSortedSetsController - Data Inserted/Updated Successfully for State: |PAEffecte Date: |20170401Rate: |3.50
21:18:44.727 [Test worker] INFO com.sudeepnm.redis.sortedsets.service.RedisTemplateSortedSetsController - Data Inserted/Updated Successfully for State: |PAEffecte Date: |20170701Rate: |3.75
21:18:44.727 [Test worker] INFO com.sudeepnm.redis.sortedsets.service.RedisTemplateSortedSetsController - Data Inserted/Updated Successfully for State: |NYEffecte Date: |20170101Rate: |3.10
21:18:44.727 [Test worker] INFO com.sudeepnm.redis.sortedsets.service.RedisTemplateSortedSetsController - Data Inserted/Updated Successfully for State: |NYEffecte Date: |20170401Rate: |3.35
21:18:44.727 [Test worker] INFO com.sudeepnm.redis.sortedsets.service.RedisTemplateSortedSetsController - Data Inserted/Updated Successfully for State: |NYEffecte Date: |20170701Rate: |3.60
21:18:44.729 [Test worker] INFO com.sudeepnm.redis.sortedsets.service.RedisTemplateSortedSetsController - Data Inserted/Updated Successfully for State: |MDEffecte Date: |20170101Rate: |3.00
21:18:44.729 [Test worker] INFO com.sudeepnm.redis.sortedsets.service.RedisTemplateSortedSetsController - Data Inserted/Updated Successfully for State: |MDEffecte Date: |20170401Rate: |3.25
21:18:44.729 [Test worker] INFO com.sudeepnm.redis.sortedsets.service.RedisTemplateSortedSetsController - Data Inserted/Updated Successfully for State: |MDEffecte Date: |20170701Rate: |3.50
21:18:44.729 [Test worker] INFO com.sudeepnm.redis.sortedsets.service.RedisTemplateSortedSetsController - Data Inserted/Updated Successfully for State: |DCEffecte Date: |20170101Rate: |2.75
21:18:44.729 [Test worker] INFO com.sudeepnm.redis.sortedsets.service.RedisTemplateSortedSetsController - Data Inserted/Updated Successfully for State: |DCEffecte Date: |20170401Rate: |3.00
21:18:44.729 [Test worker] INFO com.sudeepnm.redis.sortedsets.service.RedisTemplateSortedSetsController - Data Inserted/Updated Successfully for State: |DCEffecte Date: |20170701Rate: |3.25
21:18:44.729 [Test worker] INFO com.sudeepnm.redis.sortedsets.service.RedisTemplateSortedSetsController - Data Inserted/Updated Successfully for State: |VAEffecte Date: |20170101Rate: |3.00
21:18:44.730 [Test worker] INFO com.sudeepnm.redis.sortedsets.service.RedisTemplateSortedSetsController - Data Inserted/Updated Successfully for State: |VAEffecte Date: |20170401Rate: |3.25
21:18:44.730 [Test worker] INFO com.sudeepnm.redis.sortedsets.service.RedisTemplateSortedSetsController - Data Inserted/Updated Successfully for State: |VAEffecte Date: |20170701Rate: |3.50
21:18:44.730 [Test worker] INFO com.sudeepnm.redis.sortedsets.service.RedisTemplateSortedSetsController - Data Inserted/Updated Successfully for State: |PAEffecte Date: |20170101Rate: |3.25
21:18:44.730 [Test worker] INFO com.sudeepnm.redis.sortedsets.service.RedisTemplateSortedSetsController - Data Inserted/Updated Successfully for State: |PAEffecte Date: |20170401Rate: |3.50
21:18:44.730 [Test worker] INFO com.sudeepnm.redis.sortedsets.service.RedisTemplateSortedSetsController - Data Inserted/Updated Successfully for State: |PAEffecte Date: |20170701Rate: |3.75
21:18:44.730 [Test worker] INFO com.sudeepnm.redis.sortedsets.service.RedisTemplateSortedSetsController - Data Inserted/Updated Successfully for State: |NYEffecte Date: |20170101Rate: |3.10
21:18:44.731 [Test worker] INFO com.sudeepnm.redis.sortedsets.service.RedisTemplateSortedSetsController - Data Inserted/Updated Successfully for State: |NYEffecte Date: |20170401Rate: |3.35
21:18:44.731 [Test worker] INFO com.sudeepnm.redis.sortedsets.service.RedisTemplateSortedSetsController - Data Inserted/Updated Successfully for State: |NYEffecte Date: |20170701Rate: |3.60
]]></system-out>
  <system-err><![CDATA[]]></system-err>
</testsuite>
